This is pdfTeX, Version 3.14159265-2.6-1.40.17 (TeX Live 2016) (preloaded format=pdflatex 2017.4.29)  16 MAR 2018 12:26
entering extended mode
 restricted \write18 enabled.
 %&-line parsing enabled.
**titlepage_1.tex
(./titlepage_1.tex
LaTeX2e <2016/03/31>
Babel <3.9r> and hyphenation patterns for 83 language(s) loaded.

! LaTeX Error: Environment titlepage undefined.

See the LaTeX manual or LaTeX Companion for explanation.
Type  H <return>  for immediate help.
 ...                                              
                                                  
l.1 \begin{titlepage}
                     
Your command was ignored.
Type  I <command> <return>  to replace it with another command,
or  <return>  to continue without it.


! LaTeX Error: Missing \begin{document}.

See the LaTeX manual or LaTeX Companion for explanation.
Type  H <return>  for immediate help.
 ...                                              
                                                  
l.4 \begin{center}
                  
You're in trouble here.  Try typing  <return>  to proceed.
If that doesn't work, type  X <return>  to quit.


Overfull \hbox (20.0pt too wide) in paragraph at lines 4--4
[] 
 []

Missing character: There is no – in font nullfont!
Missing character: There is no ú in font nullfont!
Missing character: There is no – in font nullfont!
Missing character: There is no æ in font nullfont!
Missing character: There is no — in font nullfont!
Missing character: There is no Å in font nullfont!
Missing character: There is no – in font nullfont!
Missing character: There is no ∫ in font nullfont!
Missing character: There is no – in font nullfont!
Missing character: There is no æ in font nullfont!
Missing character: There is no – in font nullfont!
Missing character: There is no ≤ in font nullfont!
Missing character: There is no — in font nullfont!
Missing character: There is no Å in font nullfont!
Missing character: There is no – in font nullfont!
Missing character: There is no ∫ in font nullfont!
Missing character: There is no – in font nullfont!
Missing character: There is no ∏ in font nullfont!
Missing character: There is no – in font nullfont!
Missing character: There is no π in font nullfont!
Missing character: There is no – in font nullfont!
Missing character: There is no ≥ in font nullfont!
Missing character: There is no – in font nullfont!
Missing character: There is no æ in font nullfont!
Missing character: There is no — in font nullfont!
Missing character: There is no Å in font nullfont!
Missing character: There is no — in font nullfont!
Missing character: There is no É in font nullfont!
Missing character: There is no – in font nullfont!
Missing character: There is no ¥ in font nullfont!
Missing character: There is no – in font nullfont!
Missing character: There is no ∞ in font nullfont!
Missing character: There is no — in font nullfont!
Missing character: There is no Ä in font nullfont!
Missing character: There is no — in font nullfont!
Missing character: There is no Å in font nullfont!
Missing character: There is no — in font nullfont!
Missing character: There is no Ç in font nullfont!
Missing character: There is no – in font nullfont!
Missing character: There is no ≤ in font nullfont!
Missing character: There is no – in font nullfont!
Missing character: There is no µ in font nullfont!
Missing character: There is no – in font nullfont!
Missing character: There is no Ω in font nullfont!
Missing character: There is no – in font nullfont!
Missing character: There is no Ω in font nullfont!
Missing character: There is no — in font nullfont!
Missing character: There is no ã in font nullfont!
Missing character: There is no – in font nullfont!
Missing character: There is no π in font nullfont!
Missing character: There is no — in font nullfont!
Missing character: There is no É in font nullfont!
Missing character: There is no – in font nullfont!
Missing character: There is no Ω in font nullfont!
Missing character: There is no – in font nullfont!
Missing character: There is no ∏ in font nullfont!
Missing character: There is no – in font nullfont!
Missing character: There is no ≤ in font nullfont!
Missing character: There is no – in font nullfont!
Missing character: There is no µ in font nullfont!
Missing character: There is no — in font nullfont!
Missing character: There is no Ä in font nullfont!
Missing character: There is no — in font nullfont!
Missing character: There is no Å in font nullfont!
Missing character: There is no – in font nullfont!
Missing character: There is no ∏ in font nullfont!
Missing character: There is no — in font nullfont!
Missing character: There is no Ç in font nullfont!
Missing character: There is no – in font nullfont!
Missing character: There is no µ in font nullfont!
Missing character: There is no — in font nullfont!
Missing character: There is no Ç in font nullfont!
Missing character: There is no – in font nullfont!
Missing character: There is no ∏ in font nullfont!
Missing character: There is no – in font nullfont!
Missing character: There is no º in font nullfont!
Missing character: There is no – in font nullfont!
Missing character: There is no µ in font nullfont!
Missing character: There is no – in font nullfont!
Missing character: There is no Ω in font nullfont!
Missing character: There is no – in font nullfont!
Missing character: There is no ∏ in font nullfont!
Missing character: There is no – in font nullfont!
Missing character: There is no ú in font nullfont!
Missing character: There is no . in font nullfont!
Missing character: There is no – in font nullfont!
Missing character: There is no í in font nullfont!
Missing character: There is no . in font nullfont!
Missing character: There is no – in font nullfont!
Missing character: There is no õ in font nullfont!
Missing character: There is no – in font nullfont!
Missing character: There is no æ in font nullfont!
Missing character: There is no – in font nullfont!
Missing character: There is no º in font nullfont!
Missing character: There is no – in font nullfont!
Missing character: There is no æ in font nullfont!
Missing character: There is no – in font nullfont!
Missing character: There is no Ω in font nullfont!
Missing character: There is no – in font nullfont!
Missing character: There is no æ in font nullfont!
Missing character: There is no — in font nullfont!
Missing character: There is no Å in font nullfont!
Missing character: There is no – in font nullfont!
Missing character: There is no æ in font nullfont!
Missing character: There is no – in font nullfont!
Missing character: There is no ≤ in font nullfont!
Missing character: There is no – in font nullfont!
Missing character: There is no ∞ in font nullfont!

Overfull \hbox (20.0pt too wide) in paragraph at lines 11--11
[] 
 []

! Undefined control sequence.
l.11 \flushright{\large
                        –î–∏–ø–ª–æ–º–Ω–∞—è —Ä–∞–±–æ—Ç–∞}
The control sequence at the end of the top line
of your error message was never \def'ed. If you have
misspelled it (e.g., `\hobx'), type `I' and the correct
spelling (e.g., `I\hbox'). Otherwise just continue,
and I'll forget about whatever was undefined.

Missing character: There is no – in font nullfont!
Missing character: There is no î in font nullfont!
Missing character: There is no – in font nullfont!
Missing character: There is no ∏ in font nullfont!
Missing character: There is no – in font nullfont!
Missing character: There is no ø in font nullfont!
Missing character: There is no – in font nullfont!
Missing character: There is no ª in font nullfont!
Missing character: There is no – in font nullfont!
Missing character: There is no æ in font nullfont!
Missing character: There is no – in font nullfont!
Missing character: There is no º in font nullfont!
Missing character: There is no – in font nullfont!
Missing character: There is no Ω in font nullfont!
Missing character: There is no – in font nullfont!
Missing character: There is no ∞ in font nullfont!
Missing character: There is no — in font nullfont!
Missing character: There is no è in font nullfont!
Missing character: There is no — in font nullfont!
Missing character: There is no Ä in font nullfont!
Missing character: There is no – in font nullfont!
Missing character: There is no ∞ in font nullfont!
Missing character: There is no – in font nullfont!
Missing character: There is no ± in font nullfont!
Missing character: There is no – in font nullfont!
Missing character: There is no æ in font nullfont!
Missing character: There is no — in font nullfont!
Missing character: There is no Ç in font nullfont!
Missing character: There is no – in font nullfont!
Missing character: There is no ∞ in font nullfont!
! Undefined control sequence.
l.16 \Large
            –û—Å–∞–∂–¥–µ–Ω–∏–µ —á–∞—Å—Ç–∏—Ü –ø—Ä–∏ –æ–¥–Ω–æ–º–µ—Ä–Ω—ã—Ö —Ç–µ...
The control sequence at the end of the top line
of your error message was never \def'ed. If you have
misspelled it (e.g., `\hobx'), type `I' and the correct
spelling (e.g., `I\hbox'). Otherwise just continue,
and I'll forget about whatever was undefined.

Missing character: There is no – in font nullfont!
Missing character: There is no û in font nullfont!
Missing character: There is no — in font nullfont!
Missing character: There is no Å in font nullfont!
Missing character: There is no – in font nullfont!
Missing character: There is no ∞ in font nullfont!
Missing character: There is no – in font nullfont!
Missing character: There is no ∂ in font nullfont!
Missing character: There is no – in font nullfont!
Missing character: There is no ¥ in font nullfont!
Missing character: There is no – in font nullfont!
Missing character: There is no µ in font nullfont!
Missing character: There is no – in font nullfont!
Missing character: There is no Ω in font nullfont!
Missing character: There is no – in font nullfont!
Missing character: There is no ∏ in font nullfont!
Missing character: There is no – in font nullfont!
Missing character: There is no µ in font nullfont!
Missing character: There is no — in font nullfont!
Missing character: There is no á in font nullfont!
Missing character: There is no – in font nullfont!
Missing character: There is no ∞ in font nullfont!
Missing character: There is no — in font nullfont!
Missing character: There is no Å in font nullfont!
Missing character: There is no — in font nullfont!
Missing character: There is no Ç in font nullfont!
Missing character: There is no – in font nullfont!
Missing character: There is no ∏ in font nullfont!
Missing character: There is no — in font nullfont!
Missing character: There is no Ü in font nullfont!
Missing character: There is no – in font nullfont!
Missing character: There is no ø in font nullfont!
Missing character: There is no — in font nullfont!
Missing character: There is no Ä in font nullfont!
Missing character: There is no – in font nullfont!
Missing character: There is no ∏ in font nullfont!
Missing character: There is no – in font nullfont!
Missing character: There is no æ in font nullfont!
Missing character: There is no – in font nullfont!
Missing character: There is no ¥ in font nullfont!
Missing character: There is no – in font nullfont!
Missing character: There is no Ω in font nullfont!
Missing character: There is no – in font nullfont!
Missing character: There is no æ in font nullfont!
Missing character: There is no – in font nullfont!
Missing character: There is no º in font nullfont!
Missing character: There is no – in font nullfont!
Missing character: There is no µ in font nullfont!
Missing character: There is no — in font nullfont!
Missing character: There is no Ä in font nullfont!
Missing character: There is no – in font nullfont!
Missing character: There is no Ω in font nullfont!
Missing character: There is no — in font nullfont!
Missing character: There is no ã in font nullfont!
Missing character: There is no — in font nullfont!
Missing character: There is no Ö in font nullfont!
Missing character: There is no — in font nullfont!
Missing character: There is no Ç in font nullfont!
Missing character: There is no – in font nullfont!
Missing character: There is no µ in font nullfont!
Missing character: There is no — in font nullfont!
Missing character: There is no á in font nullfont!
Missing character: There is no – in font nullfont!
Missing character: There is no µ in font nullfont!
Missing character: There is no – in font nullfont!
Missing character: There is no Ω in font nullfont!
Missing character: There is no – in font nullfont!
Missing character: There is no ∏ in font nullfont!
Missing character: There is no — in font nullfont!
Missing character: There is no è in font nullfont!
Missing character: There is no — in font nullfont!
Missing character: There is no Ö in font nullfont!
Missing character: There is no — in font nullfont!
Missing character: There is no Å in font nullfont!
Missing character: There is no — in font nullfont!
Missing character: There is no É in font nullfont!
Missing character: There is no — in font nullfont!
Missing character: There is no Å in font nullfont!
Missing character: There is no – in font nullfont!
Missing character: There is no ø in font nullfont!
Missing character: There is no – in font nullfont!
Missing character: There is no µ in font nullfont!
Missing character: There is no – in font nullfont!
Missing character: There is no Ω in font nullfont!
Missing character: There is no – in font nullfont!
Missing character: There is no ∑ in font nullfont!
Missing character: There is no – in font nullfont!
Missing character: There is no ∏ in font nullfont!
Missing character: There is no – in font nullfont!
Missing character: There is no ∏ in font nullfont!
Missing character: There is no – in font nullfont!
Missing character: There is no ≤ in font nullfont!
Missing character: There is no – in font nullfont!
Missing character: There is no ø in font nullfont!
Missing character: There is no – in font nullfont!
Missing character: There is no æ in font nullfont!
Missing character: There is no — in font nullfont!
Missing character: There is no Ä in font nullfont!
Missing character: There is no – in font nullfont!
Missing character: There is no ∏ in font nullfont!
Missing character: There is no — in font nullfont!
Missing character: There is no Å in font nullfont!
Missing character: There is no — in font nullfont!
Missing character: There is no Ç in font nullfont!
Missing character: There is no — in font nullfont!
Missing character: There is no ã in font nullfont!
Missing character: There is no — in font nullfont!
Missing character: There is no Ö in font nullfont!
Missing character: There is no — in font nullfont!
Missing character: There is no Å in font nullfont!
Missing character: There is no — in font nullfont!
Missing character: There is no Ä in font nullfont!
Missing character: There is no – in font nullfont!
Missing character: There is no µ in font nullfont!
Missing character: There is no – in font nullfont!
Missing character: There is no ¥ in font nullfont!
Missing character: There is no – in font nullfont!
Missing character: There is no ∞ in font nullfont!
Missing character: There is no — in font nullfont!
Missing character: There is no Ö in font nullfont!
! Undefined control sequence.
l.22 \Large
            Particle deposition in one-dimensional flows of suspension throu...
The control sequence at the end of the top line
of your error message was never \def'ed. If you have
misspelled it (e.g., `\hobx'), type `I' and the correct
spelling (e.g., `I\hbox'). Otherwise just continue,
and I'll forget about whatever was undefined.

Missing character: There is no P in font nullfont!
Missing character: There is no a in font nullfont!
Missing character: There is no r in font nullfont!
Missing character: There is no t in font nullfont!
Missing character: There is no i in font nullfont!
Missing character: There is no c in font nullfont!
Missing character: There is no l in font nullfont!
Missing character: There is no e in font nullfont!
Missing character: There is no d in font nullfont!
Missing character: There is no e in font nullfont!
Missing character: There is no p in font nullfont!
Missing character: There is no o in font nullfont!
Missing character: There is no s in font nullfont!
Missing character: There is no i in font nullfont!
Missing character: There is no t in font nullfont!
Missing character: There is no i in font nullfont!
Missing character: There is no o in font nullfont!
Missing character: There is no n in font nullfont!
Missing character: There is no i in font nullfont!
Missing character: There is no n in font nullfont!
Missing character: There is no o in font nullfont!
Missing character: There is no n in font nullfont!
Missing character: There is no e in font nullfont!
Missing character: There is no - in font nullfont!
Missing character: There is no d in font nullfont!
Missing character: There is no i in font nullfont!
Missing character: There is no m in font nullfont!
Missing character: There is no e in font nullfont!
Missing character: There is no n in font nullfont!
Missing character: There is no s in font nullfont!
Missing character: There is no i in font nullfont!
Missing character: There is no o in font nullfont!
Missing character: There is no n in font nullfont!
Missing character: There is no a in font nullfont!
Missing character: There is no l in font nullfont!
Missing character: There is no f in font nullfont!
Missing character: There is no l in font nullfont!
Missing character: There is no o in font nullfont!
Missing character: There is no w in font nullfont!
Missing character: There is no s in font nullfont!
Missing character: There is no o in font nullfont!
Missing character: There is no f in font nullfont!
Missing character: There is no s in font nullfont!
Missing character: There is no u in font nullfont!
Missing character: There is no s in font nullfont!
Missing character: There is no p in font nullfont!
Missing character: There is no e in font nullfont!
Missing character: There is no n in font nullfont!
Missing character: There is no s in font nullfont!
Missing character: There is no i in font nullfont!
Missing character: There is no o in font nullfont!
Missing character: There is no n in font nullfont!
Missing character: There is no t in font nullfont!
Missing character: There is no h in font nullfont!
Missing character: There is no r in font nullfont!
Missing character: There is no o in font nullfont!
Missing character: There is no u in font nullfont!
Missing character: There is no g in font nullfont!
Missing character: There is no h in font nullfont!
Missing character: There is no p in font nullfont!
Missing character: There is no o in font nullfont!
Missing character: There is no r in font nullfont!
Missing character: There is no o in font nullfont!
Missing character: There is no u in font nullfont!
Missing character: There is no s in font nullfont!
Missing character: There is no m in font nullfont!
Missing character: There is no e in font nullfont!
Missing character: There is no d in font nullfont!
Missing character: There is no i in font nullfont!
Missing character: There is no a in font nullfont!

LaTeX Font Warning: Font shape `OT1/cmr/bx/sc' undefined
(Font)              using `OT1/cmr/bx/n' instead on input line 28.

Missing character: There is no – in font cmbx10!
Missing character: There is no ú in font cmbx10!
Missing character: There is no – in font cmbx10!
Missing character: There is no µ in font cmbx10!
Missing character: There is no — in font cmbx10!
Missing character: There is no Ö in font cmbx10!
Missing character: There is no – in font cmbx10!
Missing character: There is no ∞ in font cmbx10!
Missing character: There is no – in font cmbx10!
Missing character: There is no Ω in font cmbx10!
Missing character: There is no – in font cmbx10!
Missing character: There is no ∏ in font cmbx10!
Missing character: There is no – in font cmbx10!
Missing character: There is no ∫ in font cmbx10!
Missing character: There is no – in font cmbx10!
Missing character: There is no æ in font cmbx10!
Missing character: There is no – in font cmbx10!
Missing character: There is no º in font cmbx10!
Missing character: There is no – in font cmbx10!
Missing character: There is no ∞ in font cmbx10!
Missing character: There is no — in font cmbx10!
Missing character: There is no Ç in font cmbx10!
Missing character: There is no – in font cmbx10!
Missing character: There is no µ in font cmbx10!
Missing character: There is no – in font cmbx10!
Missing character: There is no º in font cmbx10!
Missing character: There is no – in font cmbx10!
Missing character: There is no ∞ in font cmbx10!
Missing character: There is no — in font cmbx10!
Missing character: There is no Ç in font cmbx10!
Missing character: There is no – in font cmbx10!
Missing character: There is no ∏ in font cmbx10!
Missing character: There is no — in font cmbx10!
Missing character: There is no á in font cmbx10!
Missing character: There is no – in font cmbx10!
Missing character: There is no µ in font cmbx10!
Missing character: There is no — in font cmbx10!
Missing character: There is no Å in font cmbx10!
Missing character: There is no – in font cmbx10!
Missing character: There is no ∫ in font cmbx10!
Missing character: There is no – in font cmbx10!
Missing character: There is no ∏ in font cmbx10!
Missing character: There is no – in font cmbx10!
Missing character: There is no π in font cmbx10!
Missing character: There is no — in font cmbx10!
Missing character: There is no Ñ in font cmbx10!
Missing character: There is no – in font cmbx10!
Missing character: There is no ∞ in font cmbx10!
Missing character: There is no – in font cmbx10!
Missing character: There is no ∫ in font cmbx10!
Missing character: There is no — in font cmbx10!
Missing character: There is no É in font cmbx10!
Missing character: There is no – in font cmbx10!
Missing character: There is no ª in font cmbx10!
Missing character: There is no — in font cmbx10!
Missing character: There is no å in font cmbx10!
Missing character: There is no — in font cmbx10!
Missing character: There is no Ç in font cmbx10!
Missing character: There is no – in font cmbx10!
Missing character: There is no µ in font cmbx10!
Missing character: There is no — in font cmbx10!
Missing character: There is no Ç in font cmbx10!
Missing character: There is no – in font cmbx10!
Missing character: There is no ú in font cmbx10!
Missing character: There is no – in font cmbx10!
Missing character: There is no ì in font cmbx10!
Missing character: There is no – in font cmbx10!
Missing character: There is no £ in font cmbx10!
Missing character: There is no – in font cmbx10!
Missing character: There is no ö in font cmbx10!
Missing character: There is no – in font cmbx10!
Missing character: There is no ∞ in font cmbx10!
Missing character: There is no — in font cmbx10!
Missing character: There is no Ñ in font cmbx10!
Missing character: There is no – in font cmbx10!
Missing character: There is no µ in font cmbx10!
Missing character: There is no – in font cmbx10!
Missing character: There is no ¥ in font cmbx10!
Missing character: There is no — in font cmbx10!
Missing character: There is no Ä in font cmbx10!
Missing character: There is no – in font cmbx10!
Missing character: There is no ∞ in font cmbx10!
Missing character: There is no – in font cmbx10!
Missing character: There is no ≥ in font cmbx10!
Missing character: There is no – in font cmbx10!
Missing character: There is no ∏ in font cmbx10!
Missing character: There is no – in font cmbx10!
Missing character: There is no ¥ in font cmbx10!
Missing character: There is no — in font cmbx10!
Missing character: There is no Ä in font cmbx10!
Missing character: There is no – in font cmbx10!
Missing character: There is no æ in font cmbx10!
Missing character: There is no – in font cmbx10!
Missing character: There is no º in font cmbx10!
Missing character: There is no – in font cmbx10!
Missing character: There is no µ in font cmbx10!
Missing character: There is no — in font cmbx10!
Missing character: There is no Ö in font cmbx10!
Missing character: There is no – in font cmbx10!
Missing character: There is no ∞ in font cmbx10!
Missing character: There is no – in font cmbx10!
Missing character: There is no Ω in font cmbx10!
Missing character: There is no – in font cmbx10!
Missing character: There is no ∏ in font cmbx10!
Missing character: There is no – in font cmbx10!
Missing character: There is no ∫ in font cmbx10!
Missing character: There is no – in font cmbx10!
Missing character: There is no ∏ in font cmbx10!

Overfull \hbox (3.83331pt too wide) in paragraph at lines 28--29
 \OT1/cmr/bx/n/10 - 
 []

Missing character: There is no – in font nullfont!
Missing character: There is no ù in font nullfont!
Missing character: There is no – in font nullfont!
Missing character: There is no ∞ in font nullfont!
Missing character: There is no — in font nullfont!
Missing character: There is no É in font nullfont!
Missing character: There is no — in font nullfont!
Missing character: There is no á in font nullfont!
Missing character: There is no – in font nullfont!
Missing character: There is no Ω in font nullfont!
Missing character: There is no — in font nullfont!
Missing character: There is no ã in font nullfont!
Missing character: There is no – in font nullfont!
Missing character: There is no π in font nullfont!
Missing character: There is no — in font nullfont!
Missing character: There is no Ä in font nullfont!
Missing character: There is no — in font nullfont!
Missing character: There is no É in font nullfont!
Missing character: There is no – in font nullfont!
Missing character: There is no ∫ in font nullfont!
Missing character: There is no – in font nullfont!
Missing character: There is no æ in font nullfont!
Missing character: There is no – in font nullfont!
Missing character: There is no ≤ in font nullfont!
Missing character: There is no – in font nullfont!
Missing character: There is no æ in font nullfont!
Missing character: There is no – in font nullfont!
Missing character: There is no ¥ in font nullfont!
Missing character: There is no – in font nullfont!
Missing character: There is no ∏ in font nullfont!
Missing character: There is no — in font nullfont!
Missing character: There is no Ç in font nullfont!
Missing character: There is no – in font nullfont!
Missing character: There is no µ in font nullfont!
Missing character: There is no – in font nullfont!
Missing character: There is no ª in font nullfont!
Missing character: There is no — in font nullfont!
Missing character: There is no å in font nullfont!
Missing character: There is no : in font nullfont!
! Undefined control sequence.
l.38 \large
            \textit{–ù.–ï.~–õ–µ–æ–Ω—Ç—å–µ–≤}
The control sequence at the end of the top line
of your error message was never \def'ed. If you have
misspelled it (e.g., `\hobx'), type `I' and the correct
spelling (e.g., `I\hbox'). Otherwise just continue,
and I'll forget about whatever was undefined.

Missing character: There is no – in font cmti10!
Missing character: There is no ù in font cmti10!
Missing character: There is no – in font cmti10!
Missing character: There is no ï in font cmti10!
Missing character: There is no – in font cmti10!
Missing character: There is no õ in font cmti10!
Missing character: There is no – in font cmti10!
Missing character: There is no µ in font cmti10!
Missing character: There is no – in font cmti10!
Missing character: There is no æ in font cmti10!
Missing character: There is no – in font cmti10!
Missing character: There is no Ω in font cmti10!
Missing character: There is no — in font cmti10!
Missing character: There is no Ç in font cmti10!
Missing character: There is no — in font cmti10!
Missing character: There is no å in font cmti10!
Missing character: There is no – in font cmti10!
Missing character: There is no µ in font cmti10!
Missing character: There is no – in font cmti10!
Missing character: There is no ≤ in font cmti10!

Overfull \hbox (6.1333pt too wide) in paragraph at lines 38--39
 \OT1/cmr/m/it/10 ..
 []

Missing character: There is no – in font nullfont!
Missing character: There is no † in font nullfont!
Missing character: There is no – in font nullfont!
Missing character: There is no ∞ in font nullfont!
Missing character: There is no – in font nullfont!
Missing character: There is no ± in font nullfont!
Missing character: There is no – in font nullfont!
Missing character: There is no æ in font nullfont!
Missing character: There is no — in font nullfont!
Missing character: There is no Ç in font nullfont!
Missing character: There is no — in font nullfont!
Missing character: There is no É in font nullfont!
Missing character: There is no – in font nullfont!
Missing character: There is no ≤ in font nullfont!
Missing character: There is no — in font nullfont!
Missing character: There is no ã in font nullfont!
Missing character: There is no – in font nullfont!
Missing character: There is no ø in font nullfont!
Missing character: There is no – in font nullfont!
Missing character: There is no æ in font nullfont!
Missing character: There is no – in font nullfont!
Missing character: There is no ª in font nullfont!
Missing character: There is no – in font nullfont!
Missing character: There is no Ω in font nullfont!
Missing character: There is no – in font nullfont!
Missing character: There is no ∏ in font nullfont!
Missing character: There is no – in font nullfont!
Missing character: There is no ª in font nullfont!
Missing character: There is no : in font nullfont!
Missing character: There is no — in font nullfont!
Missing character: There is no Å in font nullfont!
Missing character: There is no — in font nullfont!
Missing character: There is no Ç in font nullfont!
Missing character: There is no — in font nullfont!
Missing character: There is no É in font nullfont!
Missing character: There is no – in font nullfont!
Missing character: There is no ¥ in font nullfont!
Missing character: There is no – in font nullfont!
Missing character: There is no µ in font nullfont!
Missing character: There is no – in font nullfont!
Missing character: There is no Ω in font nullfont!
Missing character: There is no — in font nullfont!
Missing character: There is no Ç in font nullfont!
Missing character: There is no – in font nullfont!
Missing character: There is no ≥ in font nullfont!
Missing character: There is no — in font nullfont!
Missing character: There is no Ä in font nullfont!
Missing character: There is no — in font nullfont!
Missing character: There is no É in font nullfont!
Missing character: There is no – in font nullfont!
Missing character: There is no ø in font nullfont!
Missing character: There is no – in font nullfont!
Missing character: There is no ø in font nullfont!
Missing character: There is no — in font nullfont!
Missing character: There is no ã in font nullfont!

Overfull \hbox (17.24991pt too wide) in paragraph at lines 46--46
 \OT1/cmr/bx/n/10 624
 []

! Undefined control sequence.
l.48 \large
            \textit{–ê–Ω–¥—Ä–µ–π –í–æ–ª—á–∞–Ω—Å–∫–∏–π}\\
The control sequence at the end of the top line
of your error message was never \def'ed. If you have
misspelled it (e.g., `\hobx'), type `I' and the correct
spelling (e.g., `I\hbox'). Otherwise just continue,
and I'll forget about whatever was undefined.

Missing character: There is no – in font cmti10!
Missing character: There is no ê in font cmti10!
Missing character: There is no – in font cmti10!
Missing character: There is no Ω in font cmti10!
Missing character: There is no – in font cmti10!
Missing character: There is no ¥ in font cmti10!
Missing character: There is no — in font cmti10!
Missing character: There is no Ä in font cmti10!
Missing character: There is no – in font cmti10!
Missing character: There is no µ in font cmti10!
Missing character: There is no – in font cmti10!
Missing character: There is no π in font cmti10!
Missing character: There is no – in font cmti10!
Missing character: There is no í in font cmti10!
Missing character: There is no – in font cmti10!
Missing character: There is no æ in font cmti10!
Missing character: There is no – in font cmti10!
Missing character: There is no ª in font cmti10!
Missing character: There is no — in font cmti10!
Missing character: There is no á in font cmti10!
Missing character: There is no – in font cmti10!
Missing character: There is no ∞ in font cmti10!
Missing character: There is no – in font cmti10!
Missing character: There is no Ω in font cmti10!
Missing character: There is no — in font cmti10!
Missing character: There is no Å in font cmti10!
Missing character: There is no – in font cmti10!
Missing character: There is no ∫ in font cmti10!
Missing character: There is no – in font cmti10!
Missing character: There is no ∏ in font cmti10!
Missing character: There is no – in font cmti10!
Missing character: There is no π in font cmti10!
Missing character: There is no – in font nullfont!
Missing character: There is no ú in font nullfont!
Missing character: There is no – in font nullfont!
Missing character: There is no æ in font nullfont!
Missing character: There is no — in font nullfont!
Missing character: There is no Å in font nullfont!
Missing character: There is no – in font nullfont!
Missing character: There is no ∫ in font nullfont!
Missing character: There is no – in font nullfont!
Missing character: There is no ≤ in font nullfont!
Missing character: There is no – in font nullfont!
Missing character: There is no ∞ in font nullfont!
Missing character: There is no 2 in font nullfont!
Missing character: There is no 0 in font nullfont!
Missing character: There is no 1 in font nullfont!
Missing character: There is no 8 in font nullfont!

! LaTeX Error: \begin{document} ended by \end{titlepage}.

See the LaTeX manual or LaTeX Companion for explanation.
Type  H <return>  for immediate help.
 ...                                              
                                                  
l.57 \end{titlepage}
                    
Your command was ignored.
Type  I <command> <return>  to replace it with another command,
or  <return>  to continue without it.

)
! Emergency stop.
<*> titlepage_1.tex
                   
*** (job aborted, no legal \end found)

 
Here is how much of TeX's memory you used:
 16 strings out of 493014
 261 string characters out of 6133351
 55601 words of memory out of 5000000
 3656 multiletter control sequences out of 15000+600000
 4595 words of font info for 17 fonts, out of 8000000 for 9000
 1141 hyphenation exceptions out of 8191
 16i,1n,11p,177b,204s stack positions out of 5000i,500n,10000p,200000b,80000s
!  ==> Fatal error occurred, no output PDF file produced!
